
  .   ____          _            __ _ _
 /\\ / ___'_ __ _ _(_)_ __  __ _ \ \ \ \
( ( )\___ | '_ | '_| | '_ \/ _` | \ \ \ \
 \\/  ___)| |_)| | | | | || (_| |  ) ) ) )
  '  |____| .__|_| |_|_| |_\__, | / / / /
 =========|_|==============|___/=/_/_/_/
 :: Spring Boot ::        (v2.0.0.RELEASE)

2018-09-15 17:17:59.519  INFO 78430 --- [           main] com.fourigin.argo.web.App                : Starting App on unknown7cd1c3984720 with PID 78430 (/Users/vlad/Documents/Projects/theseus/prototype/argo/cms-root/argo-1.0-SNAPSHOT.jar started by vlad in /Users/vlad/Documents/Projects/theseus/prototype/argo/cms-root)
2018-09-15 17:17:59.594  INFO 78430 --- [           main] com.fourigin.argo.web.App                : No active profile set, falling back to default profiles: default
2018-09-15 17:18:01.475  INFO 78430 --- [           main] o.apache.catalina.core.StandardService   : Starting service [Tomcat]
2018-09-15 17:18:01.476  INFO 78430 --- [           main] org.apache.catalina.core.StandardEngine  : Starting Servlet Engine: Apache Tomcat/8.5.28
2018-09-15 17:18:01.490  INFO 78430 --- [ost-startStop-1] o.a.catalina.core.AprLifecycleListener   : The APR based Apache Tomcat Native library which allows optimal performance in production environments was not found on the java.library.path: [/Users/vlad/Library/Java/Extensions:/Library/Java/Extensions:/Network/Library/Java/Extensions:/System/Library/Java/Extensions:/usr/lib/java:.]
2018-09-15 17:18:01.591  INFO 78430 --- [ost-startStop-1] o.a.c.c.C.[Tomcat].[localhost].[/cms]    : Initializing Spring embedded WebApplicationContext
2018-09-15 17:18:04.224  INFO 78430 --- [           main] com.fourigin.argo.web.App                : Started App in 6.167 seconds (JVM running for 8.798)
2018-09-15 17:19:19.756  INFO 78430 --- [io-10010-exec-1] o.a.c.c.C.[Tomcat].[localhost].[/cms]    : Initializing Spring FrameworkServlet 'dispatcherServlet'
2018-09-15 17:19:34.856 DEBUG 78430 --- [io-10010-exec-4] c.f.argo.compile.CompileController       : Processing compile request for base 'DE' & path '/home'.
2018-09-15 17:19:34.984 DEBUG 78430 --- [io-10010-exec-4] c.f.a.r.CmsRequestAggregationResolver    : pageInfo for path '/home': PageInfo{path='/', name='home', localizedName='home', displayName='null', description='null', templateReference=TemplateReference{templateId='greekestate.index', variationId='default', revision=''}}
2018-09-15 17:19:35.007 DEBUG 78430 --- [io-10010-exec-4] c.f.a.r.CmsRequestAggregationResolver    : Template reference: TemplateReference{templateId='greekestate.index', variationId='default', revision=''}
2018-09-15 17:19:35.008 DEBUG 78430 --- [io-10010-exec-4] .r.DirectoryContentBasedTemplateResolver : Retrieving template for 'greekestate.index' ...
2018-09-15 17:19:35.010 DEBUG 78430 --- [io-10010-exec-4] .r.DirectoryContentBasedTemplateResolver : Found matching files: ./templates/greekestate/index.html
2018-09-15 17:19:35.024 DEBUG 78430 --- [io-10010-exec-4] .r.DirectoryContentBasedTemplateResolver : Added a variation 'default' (0EFEBA4C39B33A9D63CB32DDEF7CCAA0)
2018-09-15 17:19:35.025 DEBUG 78430 --- [io-10010-exec-4] .r.DirectoryContentBasedTemplateResolver : Template revision: '0EFEBA4C39B33A9D63CB32DDEF7CCAA0'
2018-09-15 17:19:35.026 DEBUG 78430 --- [io-10010-exec-4] .r.DirectoryContentBasedTemplateResolver : Searching for prototype file '/Users/vlad/Documents/Projects/theseus/prototype/argo/cms-root/./templates/greekestate/index.json'
2018-09-15 17:19:35.089 DEBUG 78430 --- [io-10010-exec-4] .r.DirectoryContentBasedTemplateResolver : Content page prototype provided.
2018-09-15 17:19:35.090 DEBUG 78430 --- [io-10010-exec-4] c.f.a.r.CmsRequestAggregationResolver    : Template: greekestate.index
2018-09-15 17:19:35.091 DEBUG 78430 --- [io-10010-exec-4] c.f.a.r.CmsRequestAggregationResolver    : Content id: home
2018-09-15 17:19:35.092  INFO 78430 --- [io-10010-exec-4] c.f.a.r.HiddenDirectoryContentRepository : Creating new lock for id '/home'
2018-09-15 17:19:35.114 DEBUG 78430 --- [io-10010-exec-4] c.f.argo.compile.CompileController       : Verifying compile state of the page 'home'.
2018-09-15 17:19:35.115  INFO 78430 --- [io-10010-exec-4] c.f.argo.compile.CompileController       : Would skip compiling page, please implement me ...
2018-09-15 17:19:35.121  INFO 78430 --- [io-10010-exec-4] c.f.argo.compiler.DefaultPageCompiler    : Preparing content page 'home'.
2018-09-15 17:19:35.128 DEBUG 78430 --- [io-10010-exec-4] c.f.argo.compiler.DefaultPageCompiler    : Content page: home
2018-09-15 17:19:35.129 DEBUG 78430 --- [io-10010-exec-4] c.f.argo.compiler.DefaultPageCompiler    : Resolving data sources of 'home'
2018-09-15 17:19:35.173  INFO 78430 --- [io-10010-exec-4] c.f.a.c.datasource.DataSourcesResolver   : Resolved changed data (name: 'timestamp') with checksum 'DBE0E8C8A588490A9F926FD1446BFA21'.
2018-09-15 17:19:35.181  INFO 78430 --- [io-10010-exec-4] c.f.a.c.datasource.DataSourcesResolver   : Resolved unchanged data (name: 'allNodes') with checksum '20ED47E8C22E955D2FDB044A7E92BD0E'.
2018-09-15 17:19:35.185  INFO 78430 --- [io-10010-exec-4] c.f.a.c.datasource.DataSourcesResolver   : Resolved unchanged data (name: 'objectNodes') with checksum 'ED13C5C588507198BC8C3DD199F528F1'.
2018-09-15 17:19:35.187  INFO 78430 --- [io-10010-exec-4] c.f.a.r.HiddenDirectoryContentRepository : Creating new lock for id '/objects/rent/search'
2018-09-15 17:19:35.189  INFO 78430 --- [io-10010-exec-4] c.f.a.c.d.SiteStructureDataSource        : Adding resolved content element for reference /headline from PageInfo{path='/objects/rent', name='search', localizedName='null', displayName='null', description='null', templateReference=TemplateReference{templateId='greekestate.object-search', variationId='default', revision=''}}
2018-09-15 17:19:35.190  INFO 78430 --- [io-10010-exec-4] c.f.a.models.content.ContentPageManager  : Unable to resolve content path '/short-description'! No element found for part 'short-description'!
2018-09-15 17:19:35.191  WARN 78430 --- [io-10010-exec-4] c.f.a.c.d.SiteStructureDataSource        : Unable to resolve content reference /short-description for PageInfo{path='/objects/rent', name='search', localizedName='null', displayName='null', description='null', templateReference=TemplateReference{templateId='greekestate.object-search', variationId='default', revision=''}}
2018-09-15 17:19:35.192  INFO 78430 --- [io-10010-exec-4] c.f.a.models.content.ContentPageManager  : Unable to resolve content path '/long-description'! No element found for part 'long-description'!
2018-09-15 17:19:35.192  WARN 78430 --- [io-10010-exec-4] c.f.a.c.d.SiteStructureDataSource        : Unable to resolve content reference /long-description for PageInfo{path='/objects/rent', name='search', localizedName='null', displayName='null', description='null', templateReference=TemplateReference{templateId='greekestate.object-search', variationId='default', revision=''}}
2018-09-15 17:19:35.193  INFO 78430 --- [io-10010-exec-4] c.f.a.models.content.ContentPageManager  : Unable to resolve content path '/properties/price'! No element found for part 'properties'!
2018-09-15 17:19:35.194  WARN 78430 --- [io-10010-exec-4] c.f.a.c.d.SiteStructureDataSource        : Unable to resolve content reference /properties/price for PageInfo{path='/objects/rent', name='search', localizedName='null', displayName='null', description='null', templateReference=TemplateReference{templateId='greekestate.object-search', variationId='default', revision=''}}
2018-09-15 17:19:35.194  INFO 78430 --- [io-10010-exec-4] c.f.a.models.content.ContentPageManager  : Unable to resolve content path '/properties/code'! No element found for part 'properties'!
2018-09-15 17:19:35.195  WARN 78430 --- [io-10010-exec-4] c.f.a.c.d.SiteStructureDataSource        : Unable to resolve content reference /properties/code for PageInfo{path='/objects/rent', name='search', localizedName='null', displayName='null', description='null', templateReference=TemplateReference{templateId='greekestate.object-search', variationId='default', revision=''}}
2018-09-15 17:19:35.196  INFO 78430 --- [io-10010-exec-4] c.f.a.r.HiddenDirectoryContentRepository : Creating new lock for id '/objects/rent/object_002'
2018-09-15 17:19:35.200  INFO 78430 --- [io-10010-exec-4] c.f.a.c.d.SiteStructureDataSource        : Adding resolved content element for reference /headline from PageInfo{path='/objects/rent', name='object_002', localizedName='null', displayName='002', description='null', templateReference=TemplateReference{templateId='null', variationId='null', revision='null'}}
2018-09-15 17:19:35.201  INFO 78430 --- [io-10010-exec-4] c.f.a.c.d.SiteStructureDataSource        : Adding resolved content element for reference /short-description from PageInfo{path='/objects/rent', name='object_002', localizedName='null', displayName='002', description='null', templateReference=TemplateReference{templateId='null', variationId='null', revision='null'}}
2018-09-15 17:19:35.201  INFO 78430 --- [io-10010-exec-4] c.f.a.c.d.SiteStructureDataSource        : Adding resolved content element for reference /long-description from PageInfo{path='/objects/rent', name='object_002', localizedName='null', displayName='002', description='null', templateReference=TemplateReference{templateId='null', variationId='null', revision='null'}}
2018-09-15 17:19:35.202  INFO 78430 --- [io-10010-exec-4] c.f.a.c.d.SiteStructureDataSource        : Adding resolved content element for reference /properties/price from PageInfo{path='/objects/rent', name='object_002', localizedName='null', displayName='002', description='null', templateReference=TemplateReference{templateId='null', variationId='null', revision='null'}}
2018-09-15 17:19:35.203  INFO 78430 --- [io-10010-exec-4] c.f.a.c.d.SiteStructureDataSource        : Adding resolved content element for reference /properties/code from PageInfo{path='/objects/rent', name='object_002', localizedName='null', displayName='002', description='null', templateReference=TemplateReference{templateId='null', variationId='null', revision='null'}}
2018-09-15 17:19:35.204  INFO 78430 --- [io-10010-exec-4] c.f.a.r.HiddenDirectoryContentRepository : Creating new lock for id '/objects/rent/object_001'
2018-09-15 17:19:35.206  INFO 78430 --- [io-10010-exec-4] c.f.a.c.d.SiteStructureDataSource        : Adding resolved content element for reference /headline from PageInfo{path='/objects/rent', name='object_001', localizedName='null', displayName='001', description='null', templateReference=TemplateReference{templateId='null', variationId='null', revision='null'}}
2018-09-15 17:19:35.207  INFO 78430 --- [io-10010-exec-4] c.f.a.c.d.SiteStructureDataSource        : Adding resolved content element for reference /short-description from PageInfo{path='/objects/rent', name='object_001', localizedName='null', displayName='001', description='null', templateReference=TemplateReference{templateId='null', variationId='null', revision='null'}}
2018-09-15 17:19:35.207  INFO 78430 --- [io-10010-exec-4] c.f.a.c.d.SiteStructureDataSource        : Adding resolved content element for reference /long-description from PageInfo{path='/objects/rent', name='object_001', localizedName='null', displayName='001', description='null', templateReference=TemplateReference{templateId='null', variationId='null', revision='null'}}
2018-09-15 17:19:35.208  INFO 78430 --- [io-10010-exec-4] c.f.a.c.d.SiteStructureDataSource        : Adding resolved content element for reference /properties/price from PageInfo{path='/objects/rent', name='object_001', localizedName='null', displayName='001', description='null', templateReference=TemplateReference{templateId='null', variationId='null', revision='null'}}
2018-09-15 17:19:35.209  INFO 78430 --- [io-10010-exec-4] c.f.a.c.d.SiteStructureDataSource        : Adding resolved content element for reference /properties/code from PageInfo{path='/objects/rent', name='object_001', localizedName='null', displayName='001', description='null', templateReference=TemplateReference{templateId='null', variationId='null', revision='null'}}
2018-09-15 17:19:35.210  INFO 78430 --- [io-10010-exec-4] c.f.a.r.HiddenDirectoryContentRepository : Creating new lock for id '/objects/rent/object_004'
2018-09-15 17:19:35.213  INFO 78430 --- [io-10010-exec-4] c.f.a.c.d.SiteStructureDataSource        : Adding resolved content element for reference /headline from PageInfo{path='/objects/rent', name='object_004', localizedName='null', displayName='004', description='null', templateReference=TemplateReference{templateId='null', variationId='null', revision='null'}}
2018-09-15 17:19:35.214  INFO 78430 --- [io-10010-exec-4] c.f.a.c.d.SiteStructureDataSource        : Adding resolved content element for reference /short-description from PageInfo{path='/objects/rent', name='object_004', localizedName='null', displayName='004', description='null', templateReference=TemplateReference{templateId='null', variationId='null', revision='null'}}
2018-09-15 17:19:35.215  INFO 78430 --- [io-10010-exec-4] c.f.a.c.d.SiteStructureDataSource        : Adding resolved content element for reference /long-description from PageInfo{path='/objects/rent', name='object_004', localizedName='null', displayName='004', description='null', templateReference=TemplateReference{templateId='null', variationId='null', revision='null'}}
2018-09-15 17:19:35.216  INFO 78430 --- [io-10010-exec-4] c.f.a.c.d.SiteStructureDataSource        : Adding resolved content element for reference /properties/price from PageInfo{path='/objects/rent', name='object_004', localizedName='null', displayName='004', description='null', templateReference=TemplateReference{templateId='null', variationId='null', revision='null'}}
2018-09-15 17:19:35.216  INFO 78430 --- [io-10010-exec-4] c.f.a.c.d.SiteStructureDataSource        : Adding resolved content element for reference /properties/code from PageInfo{path='/objects/rent', name='object_004', localizedName='null', displayName='004', description='null', templateReference=TemplateReference{templateId='null', variationId='null', revision='null'}}
2018-09-15 17:19:35.219  INFO 78430 --- [io-10010-exec-4] c.f.a.c.datasource.DataSourcesResolver   : Resolved unchanged data (name: 'objectNodesWithContent') with checksum 'A57919265E856F6FD6CA9E4E8BFAF955'.
2018-09-15 17:19:35.220 DEBUG 78430 --- [io-10010-exec-4] c.f.argo.compiler.DefaultPageCompiler    : Updating modified content page
2018-09-15 17:19:35.244 DEBUG 78430 --- [io-10010-exec-4] c.f.argo.compiler.DefaultPageCompiler    : Resolving runtime configuration for name 'bar'
2018-09-15 17:19:35.245 ERROR 78430 --- [io-10010-exec-4] .r.FileBasedRuntimeConfigurationResolver : Unable to read config file '/Users/vlad/Documents/Projects/theseus/prototype/argo/cms-root/./content/greekestate/.config/config_bar.json'!
2018-09-15 17:19:35.245  WARN 78430 --- [io-10010-exec-4] c.f.argo.compiler.DefaultPageCompiler    : Unable to load runtime configuration for name 'bar'!
2018-09-15 17:19:35.246 DEBUG 78430 --- [io-10010-exec-4] c.f.argo.compiler.DefaultPageCompiler    : Resolving runtime configuration for name 'main'
2018-09-15 17:19:35.249 DEBUG 78430 --- [io-10010-exec-4] c.f.argo.compiler.DefaultPageCompiler    : Applying resolved configuration RuntimeConfiguration{name='main', settings={blah=123, blubb={blubb-1=foo, blubb-2=bar}}}
2018-09-15 17:19:35.250 DEBUG 78430 --- [io-10010-exec-4] c.f.argo.compiler.DefaultPageCompiler    : Resolving runtime configuration for name 'foo'
2018-09-15 17:19:35.252 ERROR 78430 --- [io-10010-exec-4] .r.FileBasedRuntimeConfigurationResolver : Unable to read config file '/Users/vlad/Documents/Projects/theseus/prototype/argo/cms-root/./content/greekestate/.config/config_foo.json'!
2018-09-15 17:19:35.252  WARN 78430 --- [io-10010-exec-4] c.f.argo.compiler.DefaultPageCompiler    : Unable to load runtime configuration for name 'foo'!
2018-09-15 17:19:35.253  INFO 78430 --- [io-10010-exec-4] c.f.argo.compiler.DefaultPageCompiler    : Compiling page 'home'.
2018-09-15 17:19:35.254 DEBUG 78430 --- [io-10010-exec-4] c.f.argo.compiler.DefaultPageCompiler    : Template reference: TemplateReference{templateId='greekestate.index', variationId='default', revision=''}
2018-09-15 17:19:35.255 DEBUG 78430 --- [io-10010-exec-4] .r.DirectoryContentBasedTemplateResolver : Retrieving template for 'greekestate.index' ...
2018-09-15 17:19:35.256 DEBUG 78430 --- [io-10010-exec-4] .r.DirectoryContentBasedTemplateResolver : Found matching files: ./templates/greekestate/index.html
2018-09-15 17:19:35.256 DEBUG 78430 --- [io-10010-exec-4] .r.DirectoryContentBasedTemplateResolver : Added a variation 'default' (0EFEBA4C39B33A9D63CB32DDEF7CCAA0)
2018-09-15 17:19:35.257 DEBUG 78430 --- [io-10010-exec-4] .r.DirectoryContentBasedTemplateResolver : Template revision: '0EFEBA4C39B33A9D63CB32DDEF7CCAA0'
2018-09-15 17:19:35.257 DEBUG 78430 --- [io-10010-exec-4] .r.DirectoryContentBasedTemplateResolver : Searching for prototype file '/Users/vlad/Documents/Projects/theseus/prototype/argo/cms-root/./templates/greekestate/index.json'
2018-09-15 17:19:35.260 DEBUG 78430 --- [io-10010-exec-4] .r.DirectoryContentBasedTemplateResolver : Content page prototype provided.
2018-09-15 17:19:35.261 DEBUG 78430 --- [io-10010-exec-4] c.f.argo.compiler.DefaultPageCompiler    : Template: greekestate.index
2018-09-15 17:19:35.262 DEBUG 78430 --- [io-10010-exec-4] c.f.argo.compiler.DefaultPageCompiler    : Last revision: ,
current revision: 0EFEBA4C39B33A9D63CB32DDEF7CCAA0
2018-09-15 17:19:35.262 DEBUG 78430 --- [io-10010-exec-4] c.f.argo.compiler.DefaultPageCompiler    : Template variation id: 'default'
2018-09-15 17:19:35.263 DEBUG 78430 --- [io-10010-exec-4] c.f.argo.compiler.DefaultPageCompiler    : Template variation: 'TemplateVariation{id='default', description='null', type=THYMELEAF, outputContentType='text/html'}'
2018-09-15 17:19:35.264 DEBUG 78430 --- [io-10010-exec-4] c.f.argo.compiler.DefaultPageCompiler    : Template type: THYMELEAF
2018-09-15 17:19:35.264  INFO 78430 --- [io-10010-exec-4] c.f.a.t.e.DefaultTemplateEngineFactory   : Searching for template engine for type 'THYMELEAF'.
2018-09-15 17:19:35.265  INFO 78430 --- [io-10010-exec-4] c.f.a.r.HiddenDirectoryContentRepository : Creating new lock for id '/'
2018-09-15 17:19:35.268 DEBUG 78430 --- [io-10010-exec-4] c.f.argo.compiler.DefaultPageCompiler    : Template engine: com.fourigin.argo.template.engine.ThymeleafTemplateEngine@13f40102
2018-09-15 17:19:35.268 DEBUG 78430 --- [io-10010-exec-4] c.f.a.s.DefaultFilenameStrategy          : Resolving folder of PageInfo{path='/', name='home', localizedName='home', displayName='null', description='null', templateReference=TemplateReference{templateId='greekestate.index', variationId='default', revision=''}}
2018-09-15 17:19:35.269 DEBUG 78430 --- [io-10010-exec-4] c.f.a.s.DefaultFilenameStrategy          : folder path is '/'.
2018-09-15 17:19:35.269 DEBUG 78430 --- [io-10010-exec-4] c.f.a.s.DefaultFilenameStrategy          : Resolving filename of PageInfo{path='/', name='home', localizedName='home', displayName='null', description='null', templateReference=TemplateReference{templateId='greekestate.index', variationId='default', revision=''}}
2018-09-15 17:19:35.270 DEBUG 78430 --- [io-10010-exec-4] c.f.a.s.DefaultFilenameStrategy          : Returning localized name of page 'PageInfo{path='/', name='home', localizedName='home', displayName='null', description='null', templateReference=TemplateReference{templateId='greekestate.index', variationId='default', revision=''}}'.
2018-09-15 17:19:35.270 DEBUG 78430 --- [io-10010-exec-4] c.f.a.c.DefaultCompilerInterceptor       : Writing prepared content of PageInfo{path='/', name='home', localizedName='home', displayName='null', description='null', templateReference=TemplateReference{templateId='greekestate.index', variationId='default', revision=''}} to /Users/vlad/Documents/Projects/theseus/prototype/argo/cms-root/./prepared-content/DE//home.json
2018-09-15 17:19:36.080  INFO 78430 --- [io-10010-exec-4] c.f.argo.compiler.DefaultPageCompiler    : Compilation of page 'home' done.
2018-09-15 17:19:50.060 DEBUG 78430 --- [io-10010-exec-4] c.f.argo.compile.CompileController       : Processing compile request for base 'DE' & path '/home'.
2018-09-15 17:19:50.063 DEBUG 78430 --- [io-10010-exec-4] c.f.argo.compile.CompileController       : Verifying compile state of the page 'home'.
2018-09-15 17:19:50.064  INFO 78430 --- [io-10010-exec-4] c.f.argo.compile.CompileController       : Would skip compiling page, please implement me ...
2018-09-15 17:19:50.065  INFO 78430 --- [io-10010-exec-4] c.f.argo.compiler.DefaultPageCompiler    : Preparing content page 'home'.
2018-09-15 17:19:50.068 DEBUG 78430 --- [io-10010-exec-4] c.f.argo.compiler.DefaultPageCompiler    : Content page: home
2018-09-15 17:19:50.069 DEBUG 78430 --- [io-10010-exec-4] c.f.argo.compiler.DefaultPageCompiler    : Resolving data sources of 'home'
2018-09-15 17:19:50.081  INFO 78430 --- [io-10010-exec-4] c.f.a.c.datasource.DataSourcesResolver   : Resolved changed data (name: 'timestamp') with checksum '1CBF62F6395A3AD9918FA863888675AA'.
2018-09-15 17:19:50.086  INFO 78430 --- [io-10010-exec-4] c.f.a.c.datasource.DataSourcesResolver   : Resolved unchanged data (name: 'allNodes') with checksum '20ED47E8C22E955D2FDB044A7E92BD0E'.
2018-09-15 17:19:50.090  INFO 78430 --- [io-10010-exec-4] c.f.a.c.datasource.DataSourcesResolver   : Resolved unchanged data (name: 'objectNodes') with checksum 'ED13C5C588507198BC8C3DD199F528F1'.
2018-09-15 17:19:50.092  INFO 78430 --- [io-10010-exec-4] c.f.a.c.d.SiteStructureDataSource        : Adding resolved content element for reference /headline from PageInfo{path='/objects/rent', name='search', localizedName='null', displayName='null', description='null', templateReference=TemplateReference{templateId='greekestate.object-search', variationId='default', revision=''}}
2018-09-15 17:19:50.093  INFO 78430 --- [io-10010-exec-4] c.f.a.models.content.ContentPageManager  : Unable to resolve content path '/short-description'! No element found for part 'short-description'!
2018-09-15 17:19:50.094  WARN 78430 --- [io-10010-exec-4] c.f.a.c.d.SiteStructureDataSource        : Unable to resolve content reference /short-description for PageInfo{path='/objects/rent', name='search', localizedName='null', displayName='null', description='null', templateReference=TemplateReference{templateId='greekestate.object-search', variationId='default', revision=''}}
2018-09-15 17:19:50.095  INFO 78430 --- [io-10010-exec-4] c.f.a.models.content.ContentPageManager  : Unable to resolve content path '/long-description'! No element found for part 'long-description'!
2018-09-15 17:19:50.096  WARN 78430 --- [io-10010-exec-4] c.f.a.c.d.SiteStructureDataSource        : Unable to resolve content reference /long-description for PageInfo{path='/objects/rent', name='search', localizedName='null', displayName='null', description='null', templateReference=TemplateReference{templateId='greekestate.object-search', variationId='default', revision=''}}
2018-09-15 17:19:50.097  INFO 78430 --- [io-10010-exec-4] c.f.a.models.content.ContentPageManager  : Unable to resolve content path '/properties/price'! No element found for part 'properties'!
2018-09-15 17:19:50.098  WARN 78430 --- [io-10010-exec-4] c.f.a.c.d.SiteStructureDataSource        : Unable to resolve content reference /properties/price for PageInfo{path='/objects/rent', name='search', localizedName='null', displayName='null', description='null', templateReference=TemplateReference{templateId='greekestate.object-search', variationId='default', revision=''}}
2018-09-15 17:19:50.098  INFO 78430 --- [io-10010-exec-4] c.f.a.models.content.ContentPageManager  : Unable to resolve content path '/properties/code'! No element found for part 'properties'!
2018-09-15 17:19:50.099  WARN 78430 --- [io-10010-exec-4] c.f.a.c.d.SiteStructureDataSource        : Unable to resolve content reference /properties/code for PageInfo{path='/objects/rent', name='search', localizedName='null', displayName='null', description='null', templateReference=TemplateReference{templateId='greekestate.object-search', variationId='default', revision=''}}
2018-09-15 17:19:50.101  INFO 78430 --- [io-10010-exec-4] c.f.a.c.d.SiteStructureDataSource        : Adding resolved content element for reference /headline from PageInfo{path='/objects/rent', name='object_002', localizedName='null', displayName='002', description='null', templateReference=TemplateReference{templateId='null', variationId='null', revision='null'}}
2018-09-15 17:19:50.102  INFO 78430 --- [io-10010-exec-4] c.f.a.c.d.SiteStructureDataSource        : Adding resolved content element for reference /short-description from PageInfo{path='/objects/rent', name='object_002', localizedName='null', displayName='002', description='null', templateReference=TemplateReference{templateId='null', variationId='null', revision='null'}}
2018-09-15 17:19:50.102  INFO 78430 --- [io-10010-exec-4] c.f.a.c.d.SiteStructureDataSource        : Adding resolved content element for reference /long-description from PageInfo{path='/objects/rent', name='object_002', localizedName='null', displayName='002', description='null', templateReference=TemplateReference{templateId='null', variationId='null', revision='null'}}
2018-09-15 17:19:50.103  INFO 78430 --- [io-10010-exec-4] c.f.a.c.d.SiteStructureDataSource        : Adding resolved content element for reference /properties/price from PageInfo{path='/objects/rent', name='object_002', localizedName='null', displayName='002', description='null', templateReference=TemplateReference{templateId='null', variationId='null', revision='null'}}
2018-09-15 17:19:50.104  INFO 78430 --- [io-10010-exec-4] c.f.a.c.d.SiteStructureDataSource        : Adding resolved content element for reference /properties/code from PageInfo{path='/objects/rent', name='object_002', localizedName='null', displayName='002', description='null', templateReference=TemplateReference{templateId='null', variationId='null', revision='null'}}
2018-09-15 17:19:50.106  INFO 78430 --- [io-10010-exec-4] c.f.a.c.d.SiteStructureDataSource        : Adding resolved content element for reference /headline from PageInfo{path='/objects/rent', name='object_001', localizedName='null', displayName='001', description='null', templateReference=TemplateReference{templateId='null', variationId='null', revision='null'}}
2018-09-15 17:19:50.107  INFO 78430 --- [io-10010-exec-4] c.f.a.c.d.SiteStructureDataSource        : Adding resolved content element for reference /short-description from PageInfo{path='/objects/rent', name='object_001', localizedName='null', displayName='001', description='null', templateReference=TemplateReference{templateId='null', variationId='null', revision='null'}}
2018-09-15 17:19:50.107  INFO 78430 --- [io-10010-exec-4] c.f.a.c.d.SiteStructureDataSource        : Adding resolved content element for reference /long-description from PageInfo{path='/objects/rent', name='object_001', localizedName='null', displayName='001', description='null', templateReference=TemplateReference{templateId='null', variationId='null', revision='null'}}
2018-09-15 17:19:50.108  INFO 78430 --- [io-10010-exec-4] c.f.a.c.d.SiteStructureDataSource        : Adding resolved content element for reference /properties/price from PageInfo{path='/objects/rent', name='object_001', localizedName='null', displayName='001', description='null', templateReference=TemplateReference{templateId='null', variationId='null', revision='null'}}
2018-09-15 17:19:50.109  INFO 78430 --- [io-10010-exec-4] c.f.a.c.d.SiteStructureDataSource        : Adding resolved content element for reference /properties/code from PageInfo{path='/objects/rent', name='object_001', localizedName='null', displayName='001', description='null', templateReference=TemplateReference{templateId='null', variationId='null', revision='null'}}
2018-09-15 17:19:50.113  INFO 78430 --- [io-10010-exec-4] c.f.a.c.d.SiteStructureDataSource        : Adding resolved content element for reference /headline from PageInfo{path='/objects/rent', name='object_004', localizedName='null', displayName='004', description='null', templateReference=TemplateReference{templateId='null', variationId='null', revision='null'}}
2018-09-15 17:19:50.114  INFO 78430 --- [io-10010-exec-4] c.f.a.c.d.SiteStructureDataSource        : Adding resolved content element for reference /short-description from PageInfo{path='/objects/rent', name='object_004', localizedName='null', displayName='004', description='null', templateReference=TemplateReference{templateId='null', variationId='null', revision='null'}}
2018-09-15 17:19:50.114  INFO 78430 --- [io-10010-exec-4] c.f.a.c.d.SiteStructureDataSource        : Adding resolved content element for reference /long-description from PageInfo{path='/objects/rent', name='object_004', localizedName='null', displayName='004', description='null', templateReference=TemplateReference{templateId='null', variationId='null', revision='null'}}
2018-09-15 17:19:50.115  INFO 78430 --- [io-10010-exec-4] c.f.a.c.d.SiteStructureDataSource        : Adding resolved content element for reference /properties/price from PageInfo{path='/objects/rent', name='object_004', localizedName='null', displayName='004', description='null', templateReference=TemplateReference{templateId='null', variationId='null', revision='null'}}
2018-09-15 17:19:50.116  INFO 78430 --- [io-10010-exec-4] c.f.a.c.d.SiteStructureDataSource        : Adding resolved content element for reference /properties/code from PageInfo{path='/objects/rent', name='object_004', localizedName='null', displayName='004', description='null', templateReference=TemplateReference{templateId='null', variationId='null', revision='null'}}
2018-09-15 17:19:50.117  INFO 78430 --- [io-10010-exec-4] c.f.a.c.datasource.DataSourcesResolver   : Resolved unchanged data (name: 'objectNodesWithContent') with checksum 'A57919265E856F6FD6CA9E4E8BFAF955'.
2018-09-15 17:19:50.118 DEBUG 78430 --- [io-10010-exec-4] c.f.argo.compiler.DefaultPageCompiler    : Updating modified content page
2018-09-15 17:19:50.123 DEBUG 78430 --- [io-10010-exec-4] c.f.argo.compiler.DefaultPageCompiler    : Resolving runtime configuration for name 'bar'
2018-09-15 17:19:50.124 ERROR 78430 --- [io-10010-exec-4] .r.FileBasedRuntimeConfigurationResolver : Unable to read config file '/Users/vlad/Documents/Projects/theseus/prototype/argo/cms-root/./content/greekestate/.config/config_bar.json'!
2018-09-15 17:19:50.125  WARN 78430 --- [io-10010-exec-4] c.f.argo.compiler.DefaultPageCompiler    : Unable to load runtime configuration for name 'bar'!
2018-09-15 17:19:50.126 DEBUG 78430 --- [io-10010-exec-4] c.f.argo.compiler.DefaultPageCompiler    : Resolving runtime configuration for name 'main'
2018-09-15 17:19:50.127 DEBUG 78430 --- [io-10010-exec-4] c.f.argo.compiler.DefaultPageCompiler    : Applying resolved configuration RuntimeConfiguration{name='main', settings={blah=123, blubb={blubb-1=foo, blubb-2=bar}}}
2018-09-15 17:19:50.128 DEBUG 78430 --- [io-10010-exec-4] c.f.argo.compiler.DefaultPageCompiler    : Resolving runtime configuration for name 'foo'
2018-09-15 17:19:50.129 ERROR 78430 --- [io-10010-exec-4] .r.FileBasedRuntimeConfigurationResolver : Unable to read config file '/Users/vlad/Documents/Projects/theseus/prototype/argo/cms-root/./content/greekestate/.config/config_foo.json'!
2018-09-15 17:19:50.130  WARN 78430 --- [io-10010-exec-4] c.f.argo.compiler.DefaultPageCompiler    : Unable to load runtime configuration for name 'foo'!
2018-09-15 17:19:50.134  INFO 78430 --- [io-10010-exec-4] c.f.argo.compiler.DefaultPageCompiler    : Compiling page 'home'.
2018-09-15 17:19:50.135 DEBUG 78430 --- [io-10010-exec-4] c.f.argo.compiler.DefaultPageCompiler    : Template reference: TemplateReference{templateId='greekestate.index', variationId='default', revision=''}
2018-09-15 17:19:50.136 DEBUG 78430 --- [io-10010-exec-4] .r.DirectoryContentBasedTemplateResolver : Retrieving template for 'greekestate.index' ...
2018-09-15 17:19:50.137 DEBUG 78430 --- [io-10010-exec-4] .r.DirectoryContentBasedTemplateResolver : Found matching files: ./templates/greekestate/index.html
2018-09-15 17:19:50.138 DEBUG 78430 --- [io-10010-exec-4] .r.DirectoryContentBasedTemplateResolver : Added a variation 'default' (0EFEBA4C39B33A9D63CB32DDEF7CCAA0)
2018-09-15 17:19:50.139 DEBUG 78430 --- [io-10010-exec-4] .r.DirectoryContentBasedTemplateResolver : Template revision: '0EFEBA4C39B33A9D63CB32DDEF7CCAA0'
2018-09-15 17:19:50.139 DEBUG 78430 --- [io-10010-exec-4] .r.DirectoryContentBasedTemplateResolver : Searching for prototype file '/Users/vlad/Documents/Projects/theseus/prototype/argo/cms-root/./templates/greekestate/index.json'
2018-09-15 17:19:50.143 DEBUG 78430 --- [io-10010-exec-4] .r.DirectoryContentBasedTemplateResolver : Content page prototype provided.
2018-09-15 17:19:50.144 DEBUG 78430 --- [io-10010-exec-4] c.f.argo.compiler.DefaultPageCompiler    : Template: greekestate.index
2018-09-15 17:19:50.145 DEBUG 78430 --- [io-10010-exec-4] c.f.argo.compiler.DefaultPageCompiler    : Last revision: ,
current revision: 0EFEBA4C39B33A9D63CB32DDEF7CCAA0
2018-09-15 17:19:50.146 DEBUG 78430 --- [io-10010-exec-4] c.f.argo.compiler.DefaultPageCompiler    : Template variation id: 'default'
2018-09-15 17:19:50.147 DEBUG 78430 --- [io-10010-exec-4] c.f.argo.compiler.DefaultPageCompiler    : Template variation: 'TemplateVariation{id='default', description='null', type=THYMELEAF, outputContentType='text/html'}'
2018-09-15 17:19:50.148 DEBUG 78430 --- [io-10010-exec-4] c.f.argo.compiler.DefaultPageCompiler    : Template type: THYMELEAF
2018-09-15 17:19:50.149  INFO 78430 --- [io-10010-exec-4] c.f.a.t.e.DefaultTemplateEngineFactory   : Searching for template engine for type 'THYMELEAF'.
2018-09-15 17:19:50.150 DEBUG 78430 --- [io-10010-exec-4] c.f.argo.compiler.DefaultPageCompiler    : Template engine: com.fourigin.argo.template.engine.ThymeleafTemplateEngine@631f1fe9
2018-09-15 17:19:50.151 DEBUG 78430 --- [io-10010-exec-4] c.f.a.s.DefaultFilenameStrategy          : Resolving folder of PageInfo{path='/', name='home', localizedName='home', displayName='null', description='null', templateReference=TemplateReference{templateId='greekestate.index', variationId='default', revision=''}}
2018-09-15 17:19:50.152 DEBUG 78430 --- [io-10010-exec-4] c.f.a.s.DefaultFilenameStrategy          : folder path is '/'.
2018-09-15 17:19:50.153 DEBUG 78430 --- [io-10010-exec-4] c.f.a.s.DefaultFilenameStrategy          : Resolving filename of PageInfo{path='/', name='home', localizedName='home', displayName='null', description='null', templateReference=TemplateReference{templateId='greekestate.index', variationId='default', revision=''}}
2018-09-15 17:19:50.154 DEBUG 78430 --- [io-10010-exec-4] c.f.a.s.DefaultFilenameStrategy          : Returning localized name of page 'PageInfo{path='/', name='home', localizedName='home', displayName='null', description='null', templateReference=TemplateReference{templateId='greekestate.index', variationId='default', revision=''}}'.
2018-09-15 17:19:50.155 DEBUG 78430 --- [io-10010-exec-4] c.f.a.c.DefaultCompilerInterceptor       : Writing prepared content of PageInfo{path='/', name='home', localizedName='home', displayName='null', description='null', templateReference=TemplateReference{templateId='greekestate.index', variationId='default', revision=''}} to /Users/vlad/Documents/Projects/theseus/prototype/argo/cms-root/./prepared-content/DE//home.json
2018-09-15 17:19:50.219  INFO 78430 --- [io-10010-exec-4] c.f.argo.compiler.DefaultPageCompiler    : Compilation of page 'home' done.
2018-09-15 17:22:17.448 DEBUG 78430 --- [io-10010-exec-6] c.f.argo.compile.CompileController       : Processing compile request for base 'DE' & path '/home'.
2018-09-15 17:22:17.449 DEBUG 78430 --- [io-10010-exec-6] c.f.argo.compile.CompileController       : Verifying compile state of the page 'home'.
2018-09-15 17:22:17.450  INFO 78430 --- [io-10010-exec-6] c.f.argo.compile.CompileController       : Would skip compiling page, please implement me ...
2018-09-15 17:22:17.451  INFO 78430 --- [io-10010-exec-6] c.f.argo.compiler.DefaultPageCompiler    : Preparing content page 'home'.
2018-09-15 17:22:17.454 DEBUG 78430 --- [io-10010-exec-6] c.f.argo.compiler.DefaultPageCompiler    : Content page: home
2018-09-15 17:22:17.455 DEBUG 78430 --- [io-10010-exec-6] c.f.argo.compiler.DefaultPageCompiler    : Resolving data sources of 'home'
2018-09-15 17:22:17.463  INFO 78430 --- [io-10010-exec-6] c.f.a.c.datasource.DataSourcesResolver   : Resolved changed data (name: 'timestamp') with checksum '3026B7A0E8DBD91CB6655681E2A45BCB'.
2018-09-15 17:22:17.473  INFO 78430 --- [io-10010-exec-6] c.f.a.c.datasource.DataSourcesResolver   : Resolved unchanged data (name: 'allNodes') with checksum '20ED47E8C22E955D2FDB044A7E92BD0E'.
2018-09-15 17:22:17.477  INFO 78430 --- [io-10010-exec-6] c.f.a.c.datasource.DataSourcesResolver   : Resolved unchanged data (name: 'objectNodes') with checksum 'ED13C5C588507198BC8C3DD199F528F1'.
2018-09-15 17:22:17.483  INFO 78430 --- [io-10010-exec-6] c.f.a.c.d.SiteStructureDataSource        : Adding resolved content element for reference /headline from PageInfo{path='/objects/rent', name='search', localizedName='null', displayName='null', description='null', templateReference=TemplateReference{templateId='greekestate.object-search', variationId='default', revision=''}}
2018-09-15 17:22:17.485  INFO 78430 --- [io-10010-exec-6] c.f.a.models.content.ContentPageManager  : Unable to resolve content path '/short-description'! No element found for part 'short-description'!
2018-09-15 17:22:17.486  WARN 78430 --- [io-10010-exec-6] c.f.a.c.d.SiteStructureDataSource        : Unable to resolve content reference /short-description for PageInfo{path='/objects/rent', name='search', localizedName='null', displayName='null', description='null', templateReference=TemplateReference{templateId='greekestate.object-search', variationId='default', revision=''}}
2018-09-15 17:22:17.487  INFO 78430 --- [io-10010-exec-6] c.f.a.models.content.ContentPageManager  : Unable to resolve content path '/long-description'! No element found for part 'long-description'!
2018-09-15 17:22:17.488  WARN 78430 --- [io-10010-exec-6] c.f.a.c.d.SiteStructureDataSource        : Unable to resolve content reference /long-description for PageInfo{path='/objects/rent', name='search', localizedName='null', displayName='null', description='null', templateReference=TemplateReference{templateId='greekestate.object-search', variationId='default', revision=''}}
2018-09-15 17:22:17.489  INFO 78430 --- [io-10010-exec-6] c.f.a.models.content.ContentPageManager  : Unable to resolve content path '/properties/price'! No element found for part 'properties'!
2018-09-15 17:22:17.489  WARN 78430 --- [io-10010-exec-6] c.f.a.c.d.SiteStructureDataSource        : Unable to resolve content reference /properties/price for PageInfo{path='/objects/rent', name='search', localizedName='null', displayName='null', description='null', templateReference=TemplateReference{templateId='greekestate.object-search', variationId='default', revision=''}}
2018-09-15 17:22:17.490  INFO 78430 --- [io-10010-exec-6] c.f.a.models.content.ContentPageManager  : Unable to resolve content path '/properties/code'! No element found for part 'properties'!
2018-09-15 17:22:17.491  WARN 78430 --- [io-10010-exec-6] c.f.a.c.d.SiteStructureDataSource        : Unable to resolve content reference /properties/code for PageInfo{path='/objects/rent', name='search', localizedName='null', displayName='null', description='null', templateReference=TemplateReference{templateId='greekestate.object-search', variationId='default', revision=''}}
2018-09-15 17:22:17.493  INFO 78430 --- [io-10010-exec-6] c.f.a.c.d.SiteStructureDataSource        : Adding resolved content element for reference /headline from PageInfo{path='/objects/rent', name='object_002', localizedName='null', displayName='002', description='null', templateReference=TemplateReference{templateId='null', variationId='null', revision='null'}}
2018-09-15 17:22:17.494  INFO 78430 --- [io-10010-exec-6] c.f.a.c.d.SiteStructureDataSource        : Adding resolved content element for reference /short-description from PageInfo{path='/objects/rent', name='object_002', localizedName='null', displayName='002', description='null', templateReference=TemplateReference{templateId='null', variationId='null', revision='null'}}
2018-09-15 17:22:17.495  INFO 78430 --- [io-10010-exec-6] c.f.a.c.d.SiteStructureDataSource        : Adding resolved content element for reference /long-description from PageInfo{path='/objects/rent', name='object_002', localizedName='null', displayName='002', description='null', templateReference=TemplateReference{templateId='null', variationId='null', revision='null'}}
2018-09-15 17:22:17.496  INFO 78430 --- [io-10010-exec-6] c.f.a.c.d.SiteStructureDataSource        : Adding resolved content element for reference /properties/price from PageInfo{path='/objects/rent', name='object_002', localizedName='null', displayName='002', description='null', templateReference=TemplateReference{templateId='null', variationId='null', revision='null'}}
2018-09-15 17:22:17.497  INFO 78430 --- [io-10010-exec-6] c.f.a.c.d.SiteStructureDataSource        : Adding resolved content element for reference /properties/code from PageInfo{path='/objects/rent', name='object_002', localizedName='null', displayName='002', description='null', templateReference=TemplateReference{templateId='null', variationId='null', revision='null'}}
2018-09-15 17:22:17.500  INFO 78430 --- [io-10010-exec-6] c.f.a.c.d.SiteStructureDataSource        : Adding resolved content element for reference /headline from PageInfo{path='/objects/rent', name='object_001', localizedName='null', displayName='001', description='null', templateReference=TemplateReference{templateId='null', variationId='null', revision='null'}}
2018-09-15 17:22:17.501  INFO 78430 --- [io-10010-exec-6] c.f.a.c.d.SiteStructureDataSource        : Adding resolved content element for reference /short-description from PageInfo{path='/objects/rent', name='object_001', localizedName='null', displayName='001', description='null', templateReference=TemplateReference{templateId='null', variationId='null', revision='null'}}
2018-09-15 17:22:17.502  INFO 78430 --- [io-10010-exec-6] c.f.a.c.d.SiteStructureDataSource        : Adding resolved content element for reference /long-description from PageInfo{path='/objects/rent', name='object_001', localizedName='null', displayName='001', description='null', templateReference=TemplateReference{templateId='null', variationId='null', revision='null'}}
2018-09-15 17:22:17.503  INFO 78430 --- [io-10010-exec-6] c.f.a.c.d.SiteStructureDataSource        : Adding resolved content element for reference /properties/price from PageInfo{path='/objects/rent', name='object_001', localizedName='null', displayName='001', description='null', templateReference=TemplateReference{templateId='null', variationId='null', revision='null'}}
2018-09-15 17:22:17.503  INFO 78430 --- [io-10010-exec-6] c.f.a.c.d.SiteStructureDataSource        : Adding resolved content element for reference /properties/code from PageInfo{path='/objects/rent', name='object_001', localizedName='null', displayName='001', description='null', templateReference=TemplateReference{templateId='null', variationId='null', revision='null'}}
2018-09-15 17:22:17.506  INFO 78430 --- [io-10010-exec-6] c.f.a.c.d.SiteStructureDataSource        : Adding resolved content element for reference /headline from PageInfo{path='/objects/rent', name='object_004', localizedName='null', displayName='004', description='null', templateReference=TemplateReference{templateId='null', variationId='null', revision='null'}}
2018-09-15 17:22:17.507  INFO 78430 --- [io-10010-exec-6] c.f.a.c.d.SiteStructureDataSource        : Adding resolved content element for reference /short-description from PageInfo{path='/objects/rent', name='object_004', localizedName='null', displayName='004', description='null', templateReference=TemplateReference{templateId='null', variationId='null', revision='null'}}
2018-09-15 17:22:17.508  INFO 78430 --- [io-10010-exec-6] c.f.a.c.d.SiteStructureDataSource        : Adding resolved content element for reference /long-description from PageInfo{path='/objects/rent', name='object_004', localizedName='null', displayName='004', description='null', templateReference=TemplateReference{templateId='null', variationId='null', revision='null'}}
2018-09-15 17:22:17.509  INFO 78430 --- [io-10010-exec-6] c.f.a.c.d.SiteStructureDataSource        : Adding resolved content element for reference /properties/price from PageInfo{path='/objects/rent', name='object_004', localizedName='null', displayName='004', description='null', templateReference=TemplateReference{templateId='null', variationId='null', revision='null'}}
2018-09-15 17:22:17.511  INFO 78430 --- [io-10010-exec-6] c.f.a.c.d.SiteStructureDataSource        : Adding resolved content element for reference /properties/code from PageInfo{path='/objects/rent', name='object_004', localizedName='null', displayName='004', description='null', templateReference=TemplateReference{templateId='null', variationId='null', revision='null'}}
2018-09-15 17:22:17.512  INFO 78430 --- [io-10010-exec-6] c.f.a.c.datasource.DataSourcesResolver   : Resolved unchanged data (name: 'objectNodesWithContent') with checksum 'A57919265E856F6FD6CA9E4E8BFAF955'.
2018-09-15 17:22:17.513 DEBUG 78430 --- [io-10010-exec-6] c.f.argo.compiler.DefaultPageCompiler    : Updating modified content page
2018-09-15 17:22:17.519 DEBUG 78430 --- [io-10010-exec-6] c.f.argo.compiler.DefaultPageCompiler    : Resolving runtime configuration for name 'bar'
2018-09-15 17:22:17.520 ERROR 78430 --- [io-10010-exec-6] .r.FileBasedRuntimeConfigurationResolver : Unable to read config file '/Users/vlad/Documents/Projects/theseus/prototype/argo/cms-root/./content/greekestate/.config/config_bar.json'!
2018-09-15 17:22:17.521  WARN 78430 --- [io-10010-exec-6] c.f.argo.compiler.DefaultPageCompiler    : Unable to load runtime configuration for name 'bar'!
2018-09-15 17:22:17.522 DEBUG 78430 --- [io-10010-exec-6] c.f.argo.compiler.DefaultPageCompiler    : Resolving runtime configuration for name 'main'
2018-09-15 17:22:17.522 DEBUG 78430 --- [io-10010-exec-6] c.f.argo.compiler.DefaultPageCompiler    : Applying resolved configuration RuntimeConfiguration{name='main', settings={blah=123, blubb={blubb-1=foo, blubb-2=bar}}}
2018-09-15 17:22:17.523 DEBUG 78430 --- [io-10010-exec-6] c.f.argo.compiler.DefaultPageCompiler    : Resolving runtime configuration for name 'foo'
2018-09-15 17:22:17.524 ERROR 78430 --- [io-10010-exec-6] .r.FileBasedRuntimeConfigurationResolver : Unable to read config file '/Users/vlad/Documents/Projects/theseus/prototype/argo/cms-root/./content/greekestate/.config/config_foo.json'!
2018-09-15 17:22:17.525  WARN 78430 --- [io-10010-exec-6] c.f.argo.compiler.DefaultPageCompiler    : Unable to load runtime configuration for name 'foo'!
2018-09-15 17:22:17.526  INFO 78430 --- [io-10010-exec-6] c.f.argo.compiler.DefaultPageCompiler    : Compiling page 'home'.
2018-09-15 17:22:17.527 DEBUG 78430 --- [io-10010-exec-6] c.f.argo.compiler.DefaultPageCompiler    : Template reference: TemplateReference{templateId='greekestate.index', variationId='default', revision=''}
2018-09-15 17:22:17.527 DEBUG 78430 --- [io-10010-exec-6] .r.DirectoryContentBasedTemplateResolver : Retrieving template for 'greekestate.index' ...
2018-09-15 17:22:17.528 DEBUG 78430 --- [io-10010-exec-6] .r.DirectoryContentBasedTemplateResolver : Found matching files: ./templates/greekestate/index.html
2018-09-15 17:22:17.529 DEBUG 78430 --- [io-10010-exec-6] .r.DirectoryContentBasedTemplateResolver : Added a variation 'default' (0EFEBA4C39B33A9D63CB32DDEF7CCAA0)
2018-09-15 17:22:17.530 DEBUG 78430 --- [io-10010-exec-6] .r.DirectoryContentBasedTemplateResolver : Template revision: '0EFEBA4C39B33A9D63CB32DDEF7CCAA0'
2018-09-15 17:22:17.530 DEBUG 78430 --- [io-10010-exec-6] .r.DirectoryContentBasedTemplateResolver : Searching for prototype file '/Users/vlad/Documents/Projects/theseus/prototype/argo/cms-root/./templates/greekestate/index.json'
2018-09-15 17:22:17.534 DEBUG 78430 --- [io-10010-exec-6] .r.DirectoryContentBasedTemplateResolver : Content page prototype provided.
2018-09-15 17:22:17.535 DEBUG 78430 --- [io-10010-exec-6] c.f.argo.compiler.DefaultPageCompiler    : Template: greekestate.index
2018-09-15 17:22:17.536 DEBUG 78430 --- [io-10010-exec-6] c.f.argo.compiler.DefaultPageCompiler    : Last revision: ,
current revision: 0EFEBA4C39B33A9D63CB32DDEF7CCAA0
2018-09-15 17:22:17.536 DEBUG 78430 --- [io-10010-exec-6] c.f.argo.compiler.DefaultPageCompiler    : Template variation id: 'default'
2018-09-15 17:22:17.537 DEBUG 78430 --- [io-10010-exec-6] c.f.argo.compiler.DefaultPageCompiler    : Template variation: 'TemplateVariation{id='default', description='null', type=THYMELEAF, outputContentType='text/html'}'
2018-09-15 17:22:17.538 DEBUG 78430 --- [io-10010-exec-6] c.f.argo.compiler.DefaultPageCompiler    : Template type: THYMELEAF
2018-09-15 17:22:17.538  INFO 78430 --- [io-10010-exec-6] c.f.a.t.e.DefaultTemplateEngineFactory   : Searching for template engine for type 'THYMELEAF'.
2018-09-15 17:22:17.539 DEBUG 78430 --- [io-10010-exec-6] c.f.argo.compiler.DefaultPageCompiler    : Template engine: com.fourigin.argo.template.engine.ThymeleafTemplateEngine@21235915
2018-09-15 17:22:17.540 DEBUG 78430 --- [io-10010-exec-6] c.f.a.s.DefaultFilenameStrategy          : Resolving folder of PageInfo{path='/', name='home', localizedName='home', displayName='null', description='null', templateReference=TemplateReference{templateId='greekestate.index', variationId='default', revision=''}}
2018-09-15 17:22:17.541 DEBUG 78430 --- [io-10010-exec-6] c.f.a.s.DefaultFilenameStrategy          : folder path is '/'.
2018-09-15 17:22:17.541 DEBUG 78430 --- [io-10010-exec-6] c.f.a.s.DefaultFilenameStrategy          : Resolving filename of PageInfo{path='/', name='home', localizedName='home', displayName='null', description='null', templateReference=TemplateReference{templateId='greekestate.index', variationId='default', revision=''}}
2018-09-15 17:22:17.542 DEBUG 78430 --- [io-10010-exec-6] c.f.a.s.DefaultFilenameStrategy          : Returning localized name of page 'PageInfo{path='/', name='home', localizedName='home', displayName='null', description='null', templateReference=TemplateReference{templateId='greekestate.index', variationId='default', revision=''}}'.
2018-09-15 17:22:17.543 DEBUG 78430 --- [io-10010-exec-6] c.f.a.c.DefaultCompilerInterceptor       : Writing prepared content of PageInfo{path='/', name='home', localizedName='home', displayName='null', description='null', templateReference=TemplateReference{templateId='greekestate.index', variationId='default', revision=''}} to /Users/vlad/Documents/Projects/theseus/prototype/argo/cms-root/./prepared-content/DE//home.json
2018-09-15 17:22:17.597  INFO 78430 --- [io-10010-exec-6] c.f.argo.compiler.DefaultPageCompiler    : Compilation of page 'home' done.
2018-09-15 17:23:18.941 DEBUG 78430 --- [io-10010-exec-2] c.f.argo.compile.CompileController       : Processing compile request for base 'DE' & path '/home'.
2018-09-15 17:23:18.942 DEBUG 78430 --- [io-10010-exec-2] c.f.argo.compile.CompileController       : Verifying compile state of the page 'home'.
2018-09-15 17:23:18.943  INFO 78430 --- [io-10010-exec-2] c.f.argo.compile.CompileController       : Would skip compiling page, please implement me ...
2018-09-15 17:23:18.944  INFO 78430 --- [io-10010-exec-2] c.f.argo.compiler.DefaultPageCompiler    : Preparing content page 'home'.
2018-09-15 17:23:18.946 DEBUG 78430 --- [io-10010-exec-2] c.f.argo.compiler.DefaultPageCompiler    : Content page: home
2018-09-15 17:23:18.947 DEBUG 78430 --- [io-10010-exec-2] c.f.argo.compiler.DefaultPageCompiler    : Resolving data sources of 'home'
2018-09-15 17:23:18.952  INFO 78430 --- [io-10010-exec-2] c.f.a.c.datasource.DataSourcesResolver   : Resolved changed data (name: 'timestamp') with checksum 'FF7FAD81141BA6C8C8A99ACE0868CF82'.
2018-09-15 17:23:18.958  INFO 78430 --- [io-10010-exec-2] c.f.a.c.datasource.DataSourcesResolver   : Resolved unchanged data (name: 'allNodes') with checksum '20ED47E8C22E955D2FDB044A7E92BD0E'.
2018-09-15 17:23:18.961  INFO 78430 --- [io-10010-exec-2] c.f.a.c.datasource.DataSourcesResolver   : Resolved unchanged data (name: 'objectNodes') with checksum 'ED13C5C588507198BC8C3DD199F528F1'.
2018-09-15 17:23:18.963  INFO 78430 --- [io-10010-exec-2] c.f.a.c.d.SiteStructureDataSource        : Adding resolved content element for reference /headline from PageInfo{path='/objects/rent', name='search', localizedName='null', displayName='null', description='null', templateReference=TemplateReference{templateId='greekestate.object-search', variationId='default', revision=''}}
2018-09-15 17:23:18.964  INFO 78430 --- [io-10010-exec-2] c.f.a.models.content.ContentPageManager  : Unable to resolve content path '/short-description'! No element found for part 'short-description'!
2018-09-15 17:23:18.965  WARN 78430 --- [io-10010-exec-2] c.f.a.c.d.SiteStructureDataSource        : Unable to resolve content reference /short-description for PageInfo{path='/objects/rent', name='search', localizedName='null', displayName='null', description='null', templateReference=TemplateReference{templateId='greekestate.object-search', variationId='default', revision=''}}
2018-09-15 17:23:18.966  INFO 78430 --- [io-10010-exec-2] c.f.a.models.content.ContentPageManager  : Unable to resolve content path '/long-description'! No element found for part 'long-description'!
2018-09-15 17:23:18.966  WARN 78430 --- [io-10010-exec-2] c.f.a.c.d.SiteStructureDataSource        : Unable to resolve content reference /long-description for PageInfo{path='/objects/rent', name='search', localizedName='null', displayName='null', description='null', templateReference=TemplateReference{templateId='greekestate.object-search', variationId='default', revision=''}}
2018-09-15 17:23:18.967  INFO 78430 --- [io-10010-exec-2] c.f.a.models.content.ContentPageManager  : Unable to resolve content path '/properties/price'! No element found for part 'properties'!
2018-09-15 17:23:18.968  WARN 78430 --- [io-10010-exec-2] c.f.a.c.d.SiteStructureDataSource        : Unable to resolve content reference /properties/price for PageInfo{path='/objects/rent', name='search', localizedName='null', displayName='null', description='null', templateReference=TemplateReference{templateId='greekestate.object-search', variationId='default', revision=''}}
2018-09-15 17:23:18.968  INFO 78430 --- [io-10010-exec-2] c.f.a.models.content.ContentPageManager  : Unable to resolve content path '/properties/code'! No element found for part 'properties'!
2018-09-15 17:23:18.969  WARN 78430 --- [io-10010-exec-2] c.f.a.c.d.SiteStructureDataSource        : Unable to resolve content reference /properties/code for PageInfo{path='/objects/rent', name='search', localizedName='null', displayName='null', description='null', templateReference=TemplateReference{templateId='greekestate.object-search', variationId='default', revision=''}}
2018-09-15 17:23:18.971  INFO 78430 --- [io-10010-exec-2] c.f.a.c.d.SiteStructureDataSource        : Adding resolved content element for reference /headline from PageInfo{path='/objects/rent', name='object_002', localizedName='null', displayName='002', description='null', templateReference=TemplateReference{templateId='null', variationId='null', revision='null'}}
2018-09-15 17:23:18.972  INFO 78430 --- [io-10010-exec-2] c.f.a.c.d.SiteStructureDataSource        : Adding resolved content element for reference /short-description from PageInfo{path='/objects/rent', name='object_002', localizedName='null', displayName='002', description='null', templateReference=TemplateReference{templateId='null', variationId='null', revision='null'}}
2018-09-15 17:23:18.972  INFO 78430 --- [io-10010-exec-2] c.f.a.c.d.SiteStructureDataSource        : Adding resolved content element for reference /long-description from PageInfo{path='/objects/rent', name='object_002', localizedName='null', displayName='002', description='null', templateReference=TemplateReference{templateId='null', variationId='null', revision='null'}}
2018-09-15 17:23:18.973  INFO 78430 --- [io-10010-exec-2] c.f.a.c.d.SiteStructureDataSource        : Adding resolved content element for reference /properties/price from PageInfo{path='/objects/rent', name='object_002', localizedName='null', displayName='002', description='null', templateReference=TemplateReference{templateId='null', variationId='null', revision='null'}}
2018-09-15 17:23:18.974  INFO 78430 --- [io-10010-exec-2] c.f.a.c.d.SiteStructureDataSource        : Adding resolved content element for reference /properties/code from PageInfo{path='/objects/rent', name='object_002', localizedName='null', displayName='002', description='null', templateReference=TemplateReference{templateId='null', variationId='null', revision='null'}}
2018-09-15 17:23:18.976  INFO 78430 --- [io-10010-exec-2] c.f.a.c.d.SiteStructureDataSource        : Adding resolved content element for reference /headline from PageInfo{path='/objects/rent', name='object_001', localizedName='null', displayName='001', description='null', templateReference=TemplateReference{templateId='null', variationId='null', revision='null'}}
2018-09-15 17:23:18.977  INFO 78430 --- [io-10010-exec-2] c.f.a.c.d.SiteStructureDataSource        : Adding resolved content element for reference /short-description from PageInfo{path='/objects/rent', name='object_001', localizedName='null', displayName='001', description='null', templateReference=TemplateReference{templateId='null', variationId='null', revision='null'}}
2018-09-15 17:23:18.978  INFO 78430 --- [io-10010-exec-2] c.f.a.c.d.SiteStructureDataSource        : Adding resolved content element for reference /long-description from PageInfo{path='/objects/rent', name='object_001', localizedName='null', displayName='001', description='null', templateReference=TemplateReference{templateId='null', variationId='null', revision='null'}}
2018-09-15 17:23:18.978  INFO 78430 --- [io-10010-exec-2] c.f.a.c.d.SiteStructureDataSource        : Adding resolved content element for reference /properties/price from PageInfo{path='/objects/rent', name='object_001', localizedName='null', displayName='001', description='null', templateReference=TemplateReference{templateId='null', variationId='null', revision='null'}}
2018-09-15 17:23:18.979  INFO 78430 --- [io-10010-exec-2] c.f.a.c.d.SiteStructureDataSource        : Adding resolved content element for reference /properties/code from PageInfo{path='/objects/rent', name='object_001', localizedName='null', displayName='001', description='null', templateReference=TemplateReference{templateId='null', variationId='null', revision='null'}}
2018-09-15 17:23:18.980  INFO 78430 --- [io-10010-exec-2] c.f.a.c.d.SiteStructureDataSource        : Adding resolved content element for reference /headline from PageInfo{path='/objects/rent', name='object_004', localizedName='null', displayName='004', description='null', templateReference=TemplateReference{templateId='null', variationId='null', revision='null'}}
2018-09-15 17:23:18.981  INFO 78430 --- [io-10010-exec-2] c.f.a.c.d.SiteStructureDataSource        : Adding resolved content element for reference /short-description from PageInfo{path='/objects/rent', name='object_004', localizedName='null', displayName='004', description='null', templateReference=TemplateReference{templateId='null', variationId='null', revision='null'}}
2018-09-15 17:23:18.982  INFO 78430 --- [io-10010-exec-2] c.f.a.c.d.SiteStructureDataSource        : Adding resolved content element for reference /long-description from PageInfo{path='/objects/rent', name='object_004', localizedName='null', displayName='004', description='null', templateReference=TemplateReference{templateId='null', variationId='null', revision='null'}}
2018-09-15 17:23:18.982  INFO 78430 --- [io-10010-exec-2] c.f.a.c.d.SiteStructureDataSource        : Adding resolved content element for reference /properties/price from PageInfo{path='/objects/rent', name='object_004', localizedName='null', displayName='004', description='null', templateReference=TemplateReference{templateId='null', variationId='null', revision='null'}}
2018-09-15 17:23:18.983  INFO 78430 --- [io-10010-exec-2] c.f.a.c.d.SiteStructureDataSource        : Adding resolved content element for reference /properties/code from PageInfo{path='/objects/rent', name='object_004', localizedName='null', displayName='004', description='null', templateReference=TemplateReference{templateId='null', variationId='null', revision='null'}}
2018-09-15 17:23:18.984  INFO 78430 --- [io-10010-exec-2] c.f.a.c.datasource.DataSourcesResolver   : Resolved unchanged data (name: 'objectNodesWithContent') with checksum 'A57919265E856F6FD6CA9E4E8BFAF955'.
2018-09-15 17:23:18.985 DEBUG 78430 --- [io-10010-exec-2] c.f.argo.compiler.DefaultPageCompiler    : Updating modified content page
2018-09-15 17:23:18.989 DEBUG 78430 --- [io-10010-exec-2] c.f.argo.compiler.DefaultPageCompiler    : Resolving runtime configuration for name 'bar'
2018-09-15 17:23:18.990 ERROR 78430 --- [io-10010-exec-2] .r.FileBasedRuntimeConfigurationResolver : Unable to read config file '/Users/vlad/Documents/Projects/theseus/prototype/argo/cms-root/./content/greekestate/.config/config_bar.json'!
2018-09-15 17:23:18.991  WARN 78430 --- [io-10010-exec-2] c.f.argo.compiler.DefaultPageCompiler    : Unable to load runtime configuration for name 'bar'!
2018-09-15 17:23:18.992 DEBUG 78430 --- [io-10010-exec-2] c.f.argo.compiler.DefaultPageCompiler    : Resolving runtime configuration for name 'main'
2018-09-15 17:23:18.993 DEBUG 78430 --- [io-10010-exec-2] c.f.argo.compiler.DefaultPageCompiler    : Applying resolved configuration RuntimeConfiguration{name='main', settings={blah=123, blubb={blubb-1=foo, blubb-2=bar}}}
2018-09-15 17:23:18.995 DEBUG 78430 --- [io-10010-exec-2] c.f.argo.compiler.DefaultPageCompiler    : Resolving runtime configuration for name 'foo'
2018-09-15 17:23:18.996 ERROR 78430 --- [io-10010-exec-2] .r.FileBasedRuntimeConfigurationResolver : Unable to read config file '/Users/vlad/Documents/Projects/theseus/prototype/argo/cms-root/./content/greekestate/.config/config_foo.json'!
2018-09-15 17:23:18.997  WARN 78430 --- [io-10010-exec-2] c.f.argo.compiler.DefaultPageCompiler    : Unable to load runtime configuration for name 'foo'!
2018-09-15 17:23:18.998  INFO 78430 --- [io-10010-exec-2] c.f.argo.compiler.DefaultPageCompiler    : Compiling page 'home'.
2018-09-15 17:23:18.999 DEBUG 78430 --- [io-10010-exec-2] c.f.argo.compiler.DefaultPageCompiler    : Template reference: TemplateReference{templateId='greekestate.index', variationId='default', revision=''}
2018-09-15 17:23:19.000 DEBUG 78430 --- [io-10010-exec-2] .r.DirectoryContentBasedTemplateResolver : Retrieving template for 'greekestate.index' ...
2018-09-15 17:23:19.000 DEBUG 78430 --- [io-10010-exec-2] .r.DirectoryContentBasedTemplateResolver : Found matching files: ./templates/greekestate/index.html
2018-09-15 17:23:19.001 DEBUG 78430 --- [io-10010-exec-2] .r.DirectoryContentBasedTemplateResolver : Added a variation 'default' (0EFEBA4C39B33A9D63CB32DDEF7CCAA0)
2018-09-15 17:23:19.002 DEBUG 78430 --- [io-10010-exec-2] .r.DirectoryContentBasedTemplateResolver : Template revision: '0EFEBA4C39B33A9D63CB32DDEF7CCAA0'
2018-09-15 17:23:19.003 DEBUG 78430 --- [io-10010-exec-2] .r.DirectoryContentBasedTemplateResolver : Searching for prototype file '/Users/vlad/Documents/Projects/theseus/prototype/argo/cms-root/./templates/greekestate/index.json'
2018-09-15 17:23:19.005 DEBUG 78430 --- [io-10010-exec-2] .r.DirectoryContentBasedTemplateResolver : Content page prototype provided.
2018-09-15 17:23:19.006 DEBUG 78430 --- [io-10010-exec-2] c.f.argo.compiler.DefaultPageCompiler    : Template: greekestate.index
2018-09-15 17:23:19.007 DEBUG 78430 --- [io-10010-exec-2] c.f.argo.compiler.DefaultPageCompiler    : Last revision: ,
current revision: 0EFEBA4C39B33A9D63CB32DDEF7CCAA0
2018-09-15 17:23:19.008 DEBUG 78430 --- [io-10010-exec-2] c.f.argo.compiler.DefaultPageCompiler    : Template variation id: 'default'
2018-09-15 17:23:19.009 DEBUG 78430 --- [io-10010-exec-2] c.f.argo.compiler.DefaultPageCompiler    : Template variation: 'TemplateVariation{id='default', description='null', type=THYMELEAF, outputContentType='text/html'}'
2018-09-15 17:23:19.010 DEBUG 78430 --- [io-10010-exec-2] c.f.argo.compiler.DefaultPageCompiler    : Template type: THYMELEAF
2018-09-15 17:23:19.010  INFO 78430 --- [io-10010-exec-2] c.f.a.t.e.DefaultTemplateEngineFactory   : Searching for template engine for type 'THYMELEAF'.
2018-09-15 17:23:19.011 DEBUG 78430 --- [io-10010-exec-2] c.f.argo.compiler.DefaultPageCompiler    : Template engine: com.fourigin.argo.template.engine.ThymeleafTemplateEngine@330bdc7b
2018-09-15 17:23:19.012 DEBUG 78430 --- [io-10010-exec-2] c.f.a.s.DefaultFilenameStrategy          : Resolving folder of PageInfo{path='/', name='home', localizedName='home', displayName='null', description='null', templateReference=TemplateReference{templateId='greekestate.index', variationId='default', revision=''}}
2018-09-15 17:23:19.013 DEBUG 78430 --- [io-10010-exec-2] c.f.a.s.DefaultFilenameStrategy          : folder path is '/'.
2018-09-15 17:23:19.013 DEBUG 78430 --- [io-10010-exec-2] c.f.a.s.DefaultFilenameStrategy          : Resolving filename of PageInfo{path='/', name='home', localizedName='home', displayName='null', description='null', templateReference=TemplateReference{templateId='greekestate.index', variationId='default', revision=''}}
2018-09-15 17:23:19.014 DEBUG 78430 --- [io-10010-exec-2] c.f.a.s.DefaultFilenameStrategy          : Returning localized name of page 'PageInfo{path='/', name='home', localizedName='home', displayName='null', description='null', templateReference=TemplateReference{templateId='greekestate.index', variationId='default', revision=''}}'.
2018-09-15 17:23:19.015 DEBUG 78430 --- [io-10010-exec-2] c.f.a.c.DefaultCompilerInterceptor       : Writing prepared content of PageInfo{path='/', name='home', localizedName='home', displayName='null', description='null', templateReference=TemplateReference{templateId='greekestate.index', variationId='default', revision=''}} to /Users/vlad/Documents/Projects/theseus/prototype/argo/cms-root/./prepared-content/DE//home.json
2018-09-15 17:23:19.066  INFO 78430 --- [io-10010-exec-2] c.f.argo.compiler.DefaultPageCompiler    : Compilation of page 'home' done.
2018-09-16 17:40:09.924 DEBUG 78430 --- [io-10010-exec-8] c.f.argo.compile.CompileController       : Processing compile request for base 'DE' & path '/home'.
2018-09-16 17:40:10.318 DEBUG 78430 --- [io-10010-exec-8] c.f.argo.compile.CompileController       : Verifying compile state of the page 'home'.
2018-09-16 17:40:10.319  INFO 78430 --- [io-10010-exec-8] c.f.argo.compile.CompileController       : Would skip compiling page, please implement me ...
2018-09-16 17:40:10.350  INFO 78430 --- [io-10010-exec-8] c.f.argo.compiler.DefaultPageCompiler    : Preparing content page 'home'.
2018-09-16 17:40:10.398 DEBUG 78430 --- [io-10010-exec-8] c.f.argo.compiler.DefaultPageCompiler    : Content page: home
2018-09-16 17:40:10.400 DEBUG 78430 --- [io-10010-exec-8] c.f.argo.compiler.DefaultPageCompiler    : Resolving data sources of 'home'
2018-09-16 17:40:10.419  INFO 78430 --- [io-10010-exec-8] c.f.a.c.datasource.DataSourcesResolver   : Resolved changed data (name: 'timestamp') with checksum 'F8631B49E64F2EA9321C49F3C12645EF'.
2018-09-16 17:40:10.437  INFO 78430 --- [io-10010-exec-8] c.f.a.c.datasource.DataSourcesResolver   : Resolved unchanged data (name: 'allNodes') with checksum '20ED47E8C22E955D2FDB044A7E92BD0E'.
2018-09-16 17:40:10.440  INFO 78430 --- [io-10010-exec-8] c.f.a.c.datasource.DataSourcesResolver   : Resolved unchanged data (name: 'objectNodes') with checksum 'ED13C5C588507198BC8C3DD199F528F1'.
2018-09-16 17:40:10.447  INFO 78430 --- [io-10010-exec-8] c.f.a.c.d.SiteStructureDataSource        : Adding resolved content element for reference /headline from PageInfo{path='/objects/rent', name='search', localizedName='null', displayName='null', description='null', templateReference=TemplateReference{templateId='greekestate.object-search', variationId='default', revision=''}}
2018-09-16 17:40:10.451  INFO 78430 --- [io-10010-exec-8] c.f.a.models.content.ContentPageManager  : Unable to resolve content path '/short-description'! No element found for part 'short-description'!
2018-09-16 17:40:10.455  WARN 78430 --- [io-10010-exec-8] c.f.a.c.d.SiteStructureDataSource        : Unable to resolve content reference /short-description for PageInfo{path='/objects/rent', name='search', localizedName='null', displayName='null', description='null', templateReference=TemplateReference{templateId='greekestate.object-search', variationId='default', revision=''}}
2018-09-16 17:40:10.457  INFO 78430 --- [io-10010-exec-8] c.f.a.models.content.ContentPageManager  : Unable to resolve content path '/long-description'! No element found for part 'long-description'!
2018-09-16 17:40:10.458  WARN 78430 --- [io-10010-exec-8] c.f.a.c.d.SiteStructureDataSource        : Unable to resolve content reference /long-description for PageInfo{path='/objects/rent', name='search', localizedName='null', displayName='null', description='null', templateReference=TemplateReference{templateId='greekestate.object-search', variationId='default', revision=''}}
2018-09-16 17:40:10.459  INFO 78430 --- [io-10010-exec-8] c.f.a.models.content.ContentPageManager  : Unable to resolve content path '/properties/price'! No element found for part 'properties'!
2018-09-16 17:40:10.459  WARN 78430 --- [io-10010-exec-8] c.f.a.c.d.SiteStructureDataSource        : Unable to resolve content reference /properties/price for PageInfo{path='/objects/rent', name='search', localizedName='null', displayName='null', description='null', templateReference=TemplateReference{templateId='greekestate.object-search', variationId='default', revision=''}}
2018-09-16 17:40:10.460  INFO 78430 --- [io-10010-exec-8] c.f.a.models.content.ContentPageManager  : Unable to resolve content path '/properties/code'! No element found for part 'properties'!
2018-09-16 17:40:10.461  WARN 78430 --- [io-10010-exec-8] c.f.a.c.d.SiteStructureDataSource        : Unable to resolve content reference /properties/code for PageInfo{path='/objects/rent', name='search', localizedName='null', displayName='null', description='null', templateReference=TemplateReference{templateId='greekestate.object-search', variationId='default', revision=''}}
2018-09-16 17:40:10.463  INFO 78430 --- [io-10010-exec-8] c.f.a.c.d.SiteStructureDataSource        : Adding resolved content element for reference /headline from PageInfo{path='/objects/rent', name='object_002', localizedName='null', displayName='002', description='null', templateReference=TemplateReference{templateId='null', variationId='null', revision='null'}}
2018-09-16 17:40:10.465  INFO 78430 --- [io-10010-exec-8] c.f.a.c.d.SiteStructureDataSource        : Adding resolved content element for reference /short-description from PageInfo{path='/objects/rent', name='object_002', localizedName='null', displayName='002', description='null', templateReference=TemplateReference{templateId='null', variationId='null', revision='null'}}
2018-09-16 17:40:10.467  INFO 78430 --- [io-10010-exec-8] c.f.a.c.d.SiteStructureDataSource        : Adding resolved content element for reference /long-description from PageInfo{path='/objects/rent', name='object_002', localizedName='null', displayName='002', description='null', templateReference=TemplateReference{templateId='null', variationId='null', revision='null'}}
2018-09-16 17:40:10.468  INFO 78430 --- [io-10010-exec-8] c.f.a.c.d.SiteStructureDataSource        : Adding resolved content element for reference /properties/price from PageInfo{path='/objects/rent', name='object_002', localizedName='null', displayName='002', description='null', templateReference=TemplateReference{templateId='null', variationId='null', revision='null'}}
2018-09-16 17:40:10.469  INFO 78430 --- [io-10010-exec-8] c.f.a.c.d.SiteStructureDataSource        : Adding resolved content element for reference /properties/code from PageInfo{path='/objects/rent', name='object_002', localizedName='null', displayName='002', description='null', templateReference=TemplateReference{templateId='null', variationId='null', revision='null'}}
2018-09-16 17:40:10.470  INFO 78430 --- [io-10010-exec-8] c.f.a.c.d.SiteStructureDataSource        : Adding resolved content element for reference /headline from PageInfo{path='/objects/rent', name='object_001', localizedName='null', displayName='001', description='null', templateReference=TemplateReference{templateId='null', variationId='null', revision='null'}}
2018-09-16 17:40:10.473  INFO 78430 --- [io-10010-exec-8] c.f.a.c.d.SiteStructureDataSource        : Adding resolved content element for reference /short-description from PageInfo{path='/objects/rent', name='object_001', localizedName='null', displayName='001', description='null', templateReference=TemplateReference{templateId='null', variationId='null', revision='null'}}
2018-09-16 17:40:10.474  INFO 78430 --- [io-10010-exec-8] c.f.a.c.d.SiteStructureDataSource        : Adding resolved content element for reference /long-description from PageInfo{path='/objects/rent', name='object_001', localizedName='null', displayName='001', description='null', templateReference=TemplateReference{templateId='null', variationId='null', revision='null'}}
2018-09-16 17:40:10.478  INFO 78430 --- [io-10010-exec-8] c.f.a.c.d.SiteStructureDataSource        : Adding resolved content element for reference /properties/price from PageInfo{path='/objects/rent', name='object_001', localizedName='null', displayName='001', description='null', templateReference=TemplateReference{templateId='null', variationId='null', revision='null'}}
2018-09-16 17:40:10.479  INFO 78430 --- [io-10010-exec-8] c.f.a.c.d.SiteStructureDataSource        : Adding resolved content element for reference /properties/code from PageInfo{path='/objects/rent', name='object_001', localizedName='null', displayName='001', description='null', templateReference=TemplateReference{templateId='null', variationId='null', revision='null'}}
2018-09-16 17:40:10.481  INFO 78430 --- [io-10010-exec-8] c.f.a.c.d.SiteStructureDataSource        : Adding resolved content element for reference /headline from PageInfo{path='/objects/rent', name='object_004', localizedName='null', displayName='004', description='null', templateReference=TemplateReference{templateId='null', variationId='null', revision='null'}}
2018-09-16 17:40:10.484  INFO 78430 --- [io-10010-exec-8] c.f.a.c.d.SiteStructureDataSource        : Adding resolved content element for reference /short-description from PageInfo{path='/objects/rent', name='object_004', localizedName='null', displayName='004', description='null', templateReference=TemplateReference{templateId='null', variationId='null', revision='null'}}
2018-09-16 17:40:10.485  INFO 78430 --- [io-10010-exec-8] c.f.a.c.d.SiteStructureDataSource        : Adding resolved content element for reference /long-description from PageInfo{path='/objects/rent', name='object_004', localizedName='null', displayName='004', description='null', templateReference=TemplateReference{templateId='null', variationId='null', revision='null'}}
2018-09-16 17:40:10.486  INFO 78430 --- [io-10010-exec-8] c.f.a.c.d.SiteStructureDataSource        : Adding resolved content element for reference /properties/price from PageInfo{path='/objects/rent', name='object_004', localizedName='null', displayName='004', description='null', templateReference=TemplateReference{templateId='null', variationId='null', revision='null'}}
2018-09-16 17:40:10.487  INFO 78430 --- [io-10010-exec-8] c.f.a.c.d.SiteStructureDataSource        : Adding resolved content element for reference /properties/code from PageInfo{path='/objects/rent', name='object_004', localizedName='null', displayName='004', description='null', templateReference=TemplateReference{templateId='null', variationId='null', revision='null'}}
2018-09-16 17:40:10.488  INFO 78430 --- [io-10010-exec-8] c.f.a.c.datasource.DataSourcesResolver   : Resolved unchanged data (name: 'objectNodesWithContent') with checksum 'A57919265E856F6FD6CA9E4E8BFAF955'.
2018-09-16 17:40:10.489 DEBUG 78430 --- [io-10010-exec-8] c.f.argo.compiler.DefaultPageCompiler    : Updating modified content page
2018-09-16 17:40:10.499 DEBUG 78430 --- [io-10010-exec-8] c.f.argo.compiler.DefaultPageCompiler    : Resolving runtime configuration for name 'bar'
2018-09-16 17:40:10.501 ERROR 78430 --- [io-10010-exec-8] .r.FileBasedRuntimeConfigurationResolver : Unable to read config file '/Users/vlad/Documents/Projects/theseus/prototype/argo/cms-root/./content/greekestate/.config/config_bar.json'!
2018-09-16 17:40:10.503  WARN 78430 --- [io-10010-exec-8] c.f.argo.compiler.DefaultPageCompiler    : Unable to load runtime configuration for name 'bar'!
2018-09-16 17:40:10.504 DEBUG 78430 --- [io-10010-exec-8] c.f.argo.compiler.DefaultPageCompiler    : Resolving runtime configuration for name 'main'
2018-09-16 17:40:10.506 DEBUG 78430 --- [io-10010-exec-8] c.f.argo.compiler.DefaultPageCompiler    : Applying resolved configuration RuntimeConfiguration{name='main', settings={blah=123, blubb={blubb-1=foo, blubb-2=bar}}}
2018-09-16 17:40:10.508 DEBUG 78430 --- [io-10010-exec-8] c.f.argo.compiler.DefaultPageCompiler    : Resolving runtime configuration for name 'foo'
2018-09-16 17:40:10.509 ERROR 78430 --- [io-10010-exec-8] .r.FileBasedRuntimeConfigurationResolver : Unable to read config file '/Users/vlad/Documents/Projects/theseus/prototype/argo/cms-root/./content/greekestate/.config/config_foo.json'!
2018-09-16 17:40:10.509  WARN 78430 --- [io-10010-exec-8] c.f.argo.compiler.DefaultPageCompiler    : Unable to load runtime configuration for name 'foo'!
2018-09-16 17:40:10.510  INFO 78430 --- [io-10010-exec-8] c.f.argo.compiler.DefaultPageCompiler    : Compiling page 'home'.
2018-09-16 17:40:10.510 DEBUG 78430 --- [io-10010-exec-8] c.f.argo.compiler.DefaultPageCompiler    : Template reference: TemplateReference{templateId='greekestate.index', variationId='default', revision=''}
2018-09-16 17:40:10.511 DEBUG 78430 --- [io-10010-exec-8] .r.DirectoryContentBasedTemplateResolver : Retrieving template for 'greekestate.index' ...
2018-09-16 17:40:10.512 DEBUG 78430 --- [io-10010-exec-8] .r.DirectoryContentBasedTemplateResolver : Found matching files: ./templates/greekestate/index.html
2018-09-16 17:40:10.513 DEBUG 78430 --- [io-10010-exec-8] .r.DirectoryContentBasedTemplateResolver : Added a variation 'default' (0EFEBA4C39B33A9D63CB32DDEF7CCAA0)
2018-09-16 17:40:10.514 DEBUG 78430 --- [io-10010-exec-8] .r.DirectoryContentBasedTemplateResolver : Template revision: '0EFEBA4C39B33A9D63CB32DDEF7CCAA0'
2018-09-16 17:40:10.515 DEBUG 78430 --- [io-10010-exec-8] .r.DirectoryContentBasedTemplateResolver : Searching for prototype file '/Users/vlad/Documents/Projects/theseus/prototype/argo/cms-root/./templates/greekestate/index.json'
2018-09-16 17:40:10.518 DEBUG 78430 --- [io-10010-exec-8] .r.DirectoryContentBasedTemplateResolver : Content page prototype provided.
2018-09-16 17:40:10.519 DEBUG 78430 --- [io-10010-exec-8] c.f.argo.compiler.DefaultPageCompiler    : Template: greekestate.index
2018-09-16 17:40:10.520 DEBUG 78430 --- [io-10010-exec-8] c.f.argo.compiler.DefaultPageCompiler    : Last revision: ,
current revision: 0EFEBA4C39B33A9D63CB32DDEF7CCAA0
2018-09-16 17:40:10.520 DEBUG 78430 --- [io-10010-exec-8] c.f.argo.compiler.DefaultPageCompiler    : Template variation id: 'default'
2018-09-16 17:40:10.521 DEBUG 78430 --- [io-10010-exec-8] c.f.argo.compiler.DefaultPageCompiler    : Template variation: 'TemplateVariation{id='default', description='null', type=THYMELEAF, outputContentType='text/html'}'
2018-09-16 17:40:10.522 DEBUG 78430 --- [io-10010-exec-8] c.f.argo.compiler.DefaultPageCompiler    : Template type: THYMELEAF
2018-09-16 17:40:10.523  INFO 78430 --- [io-10010-exec-8] c.f.a.t.e.DefaultTemplateEngineFactory   : Searching for template engine for type 'THYMELEAF'.
2018-09-16 17:40:10.528 DEBUG 78430 --- [io-10010-exec-8] c.f.argo.compiler.DefaultPageCompiler    : Template engine: com.fourigin.argo.template.engine.ThymeleafTemplateEngine@1969c8ae
2018-09-16 17:40:10.530 DEBUG 78430 --- [io-10010-exec-8] c.f.a.s.DefaultFilenameStrategy          : Resolving folder of PageInfo{path='/', name='home', localizedName='home', displayName='null', description='null', templateReference=TemplateReference{templateId='greekestate.index', variationId='default', revision=''}}
2018-09-16 17:40:10.531 DEBUG 78430 --- [io-10010-exec-8] c.f.a.s.DefaultFilenameStrategy          : folder path is '/'.
2018-09-16 17:40:10.532 DEBUG 78430 --- [io-10010-exec-8] c.f.a.s.DefaultFilenameStrategy          : Resolving filename of PageInfo{path='/', name='home', localizedName='home', displayName='null', description='null', templateReference=TemplateReference{templateId='greekestate.index', variationId='default', revision=''}}
2018-09-16 17:40:10.533 DEBUG 78430 --- [io-10010-exec-8] c.f.a.s.DefaultFilenameStrategy          : Returning localized name of page 'PageInfo{path='/', name='home', localizedName='home', displayName='null', description='null', templateReference=TemplateReference{templateId='greekestate.index', variationId='default', revision=''}}'.
2018-09-16 17:40:10.534 DEBUG 78430 --- [io-10010-exec-8] c.f.a.c.DefaultCompilerInterceptor       : Writing prepared content of PageInfo{path='/', name='home', localizedName='home', displayName='null', description='null', templateReference=TemplateReference{templateId='greekestate.index', variationId='default', revision=''}} to /Users/vlad/Documents/Projects/theseus/prototype/argo/cms-root/./prepared-content/DE//home.json
2018-09-16 17:40:10.633  INFO 78430 --- [io-10010-exec-8] c.f.argo.compiler.DefaultPageCompiler    : Compilation of page 'home' done.
